

2017-12-19 09:14:48,924 keySearch.py[line:115] INFO []
2017-12-19 09:22:44,595 keySearch.py[line:115] INFO []
2017-12-19 09:25:12,671 keySearch.py[line:115] INFO b00pfz4ebg|b00pvnnhho|b00m1xzl1w|b00m364doi|b00kkus1xi|b00m2trxr0|b00k5ms0t6|b00pjrch3w|b00k83ecsu|b00kkus4p8|b00m1xz234|b00k5ms406|b00pfz4oi4|b00o3nx9te|b00zt38c6w
2017-12-19 09:27:03,979 keySearch.py[line:115] INFO b00py2ghk6|b00py2ghla|b00py2glo8|b00py3jaww|b00py2gc6k|b00py2gbys|b00py2gbz2|b00zl5dbyq|b00py6924a|b00py3jahm|b00py2glsy|b00py2glru|b00samf6eu|b00py2glti|b00py3ja9u
2017-12-19 09:28:26,393 keySearch.py[line:115] INFO owlet smart sock
2017-12-19 09:28:29,399 keySearch.py[line:115] INFO owlet smart sock 2
2017-12-19 09:29:59,297 keySearch.py[line:115] INFO recaro easylife ultra-lightweight
2017-12-19 09:31:13,308 keySearch.py[line:115] INFO recaro easylife ultra-lightweight stroller, granite
2017-12-19 09:31:42,463 keySearch.py[line:115] INFO recaro easylife ultra-lightweight stroller, graphite
2017-12-19 09:35:03,777 keySearch.py[line:115] INFO recaro performance booster
2017-12-19 09:35:26,825 keySearch.py[line:115] INFO wangyue metal hand spinner collection (fashion elfin rainbow)
2017-12-19 09:37:21,640 keySearch.py[line:115] INFO recaro easylife ultra
2017-12-19 09:37:22,073 keySearch.py[line:115] INFO sorelle princeton 4-in-1 convertible crib with changer - espresso
2017-12-19 09:49:14,037 keySearch.py[line:115] INFO []
2017-12-19 09:53:09,736 keySearch.py[line:115] INFO hanacure
2017-12-19 10:06:31,692 keySearch.py[line:115] INFO gb-eki3a-7100
2017-12-19 10:08:52,313 keySearch.py[line:115] INFO b00snljdfg|b00snlj9z0|b01bn0mt0e|b0196awltm
2017-12-19 10:09:34,518 keySearch.py[line:115] INFO gigabyte p34k r7
2017-12-19 10:11:43,414 keySearch.py[line:115] INFO lenovo - 15.6" laptop - intel core i3 - 6gb memory - 1tb hard drive - ebony black
2017-12-19 10:35:25,969 keySearch.py[line:115] INFO fleshlighttoys for men toy
2017-12-19 10:40:16,650 keySearch.py[line:115] INFO endovex
2017-12-19 10:41:52,188 keySearch.py[line:115] INFO b01dnvgyz2
2017-12-19 10:41:53,572 keySearch.py[line:115] INFO fleshlightgirls adult toy for men
2017-12-19 10:42:19,358 keySearch.py[line:115] INFO masturber men hands free sex
2017-12-19 10:42:30,348 keySearch.py[line:115] INFO b017b5llng
2017-12-19 10:43:50,654 keySearch.py[line:115] INFO b00qby93vq
2017-12-19 10:45:10,120 keySearch.py[line:115] INFO b01a2jhxk8
2017-12-19 10:45:13,650 keySearch.py[line:115] INFO strap on harness for women sex
2017-12-19 10:45:36,950 keySearch.py[line:115] INFO sybian machine
2017-12-19 10:45:37,389 keySearch.py[line:115] INFO male mastabation
2017-12-19 10:45:43,638 keySearch.py[line:115] INFO fleshlight launch
2017-12-19 10:46:11,473 keySearch.py[line:115] INFO fleshliight
2017-12-19 10:49:49,214 keySearch.py[line:115] INFO twin mattress quatro sleep
2017-12-19 10:57:09,946 keySearch.py[line:115] INFO twin memory foam mattress quatro sleep
2017-12-19 11:00:31,404 keySearch.py[line:115] INFO twin size mattress quatro sleep
2017-12-19 11:07:32,464 keySearch.py[line:115] INFO lifevac
2017-12-19 11:24:13,847 keySearch.py[line:115] INFO []
2017-12-19 11:32:03,016 keySearch.py[line:115] INFO gallium 200g
2017-12-19 11:37:57,253 keySearch.py[line:115] INFO rca dudio cablerca dudio cable
2017-12-19 11:38:36,806 keySearch.py[line:115] INFO rca dudio cablerca dudio cablerca dudio cablerca dudio cable
2017-12-19 11:38:37,916 keySearch.py[line:115] INFO rca dudio cable
2017-12-19 11:39:46,310 keySearch.py[line:115] INFO rca dudio cablerca dudio cablerca dudio cable
2017-12-19 11:45:11,011 keySearch.py[line:115] INFO ambrellaambrella
2017-12-19 11:45:21,981 keySearch.py[line:115] INFO ambrellaambrellaambrella
2017-12-19 11:45:26,756 keySearch.py[line:115] INFO ambrellaambrellaambrellaambrella
2017-12-19 11:47:11,438 keySearch.py[line:115] INFO []
2017-12-19 11:57:26,087 keySearch.py[line:115] INFO taold fidget spinner
2017-12-19 11:58:19,474 keySearch.py[line:115] INFO tfox fidget spinner
2017-12-19 12:01:47,947 keySearch.py[line:115] INFO futz spinner
2017-12-19 12:02:17,093 keySearch.py[line:115] INFO meishatong spinner fidget toy
2017-12-19 12:09:35,487 keySearch.py[line:115] INFO nuofeng fidget spinner
2017-12-19 12:18:50,368 keySearch.py[line:115] INFO iphone 6 puls car mount
2017-12-19 13:55:15,335 keySearch.py[line:115] INFO magniband
