{"url":"
/gp/search/ref=sr_nr_p_85_0?fst=as%3Aoff%2Cp90x%3A1rh=i%3Aaps%2Ck%3Aacr%2Cp_85%3A2470955011keywords=acrie=UTF8qid=1513393626rnid=2470954011
"}










https://
www.amazon.com/mn/search/ajax/s/ref=sr_nr_p_85_0?
fst=as%3Aoff&rh=i%3Aaps%2Ck%3Aacr%2Cp_85%3A2470955011&keywords=acr&
fromHash=%2Fref%3Dnb_sb_noss_2%3Furl%3Dsearch-alias%253Daps%26field-keywords%3Dacr&
section=ATF,BTF&
fromApp=gp%2Fsearch&fromPage=results&
fromPageConstruction=auisearch&version=2&oqid=1513393836&atfLayout=list


{"url":"/gp/search/ref=sr_nr_p_85_0?fst=as%3Aoff& 
rh=i%3Aaps%2Ck%3Aacr%2Cp_85%3A2470955011& 
keywords=acr& 
ie=UTF8& 
qid=1513394126&
rnid=2470954011"}





https://www.amazon.com/mn/search/ajax/gp/search/ref=sr_nr_p_85_0?
fst=as%3Aoff&rh=i%3Aaps%2Ck%3Acd%2Cp_85%3A2470955011&
keywords=cd&
ie=UTF8&qid=1513394126&rnid=2470954011&
fromHash=%2Fgp%2Fsearch%2Fref%3Dsr_nr_p_85_0%3Ffst%3Das%253Aoff%26rh%3Di%253Aaps%252Ck%253Acd%26keywords%3Dcd%26ie%3DUTF8%26qid%3D1513393836&section=ATF,BTF&fromApp=gp%2Fsearch&
fromPage=results
&fromPageConstruction=auisearch&version=2
&oqid=1513397219&atfLayout=list